TN:
SF:/Users/sea/Desktop/OnGoing/HelloWorld/FullStack/Node/great-nodejs/node-lessons/lesson6/main.js
FN:14,(anonymous_1)
FNF:1
FNH:1
FNDA:182,(anonymous_1)
DA:14,1
DA:16,182
DA:17,35
DA:19,147
DA:20,56
DA:24,91
DA:26,1
DA:28,90
DA:29,1
DA:31,89
DA:32,1
DA:36,88
DA:39,1
DA:43,1
DA:44,0
DA:45,0
LF:16
LH:14
BRDA:16,1,0,35
BRDA:16,1,1,147
BRDA:19,2,0,56
BRDA:19,2,1,91
BRDA:24,3,0,1
BRDA:24,3,1,90
BRDA:28,4,0,1
BRDA:28,4,1,89
BRDA:31,5,0,1
BRDA:31,5,1,88
BRDA:43,6,0,0
BRDA:43,6,1,1
BRF:12
BRH:11
end_of_record
